<?xml version="1.0" encoding="UTF-8"?>
<!-- Generated by org.testng.reporters.JUnitReportReporter -->
<testsuite skipped="0" hostname="sivadurga" name="qaclickacademy.AppTest" tests="1" failures="0" timestamp="2021-10-18T09:52:53 IST" time="0.004" errors="0">
  <testcase name="shouldAnswerWithTrue" time="0.004" classname="qaclickacademy.AppTest"/>
  <system-out/>
</testsuite> <!-- qaclickacademy.AppTest -->
