<?xml version="1.0" encoding="UTF-8"?>
<!-- Generated by org.testng.reporters.JUnitReportReporter -->
<testsuite skipped="0" hostname="sivadurga" name="qaclickacademy.RESTAPITest" tests="2" failures="0" timestamp="2021-10-18T12:06:05 IST" time="0.001" errors="0">
  <testcase name="postjira" time="0.001" classname="qaclickacademy.RESTAPITest"/>
  <system-out/>
  <testcase name="deleteTwitter" time="0.000" classname="qaclickacademy.RESTAPITest"/>
  <system-out/>
</testsuite> <!-- qaclickacademy.RESTAPITest -->
