<?xml version="1.0" encoding="UTF-8"?>
<!-- Generated by org.testng.reporters.JUnitReportReporter -->
<testsuite skipped="0" hostname="sivadurga" name="qaclickacademy.SeleniumTest" tests="2" failures="0" timestamp="2021-10-18T12:06:05 IST" time="0.015" errors="0">
  <testcase name="ElementsUI" time="0.002" classname="qaclickacademy.SeleniumTest"/>
  <system-out/>
  <testcase name="BrowserAutomation" time="0.013" classname="qaclickacademy.SeleniumTest"/>
  <system-out/>
</testsuite> <!-- qaclickacademy.SeleniumTest -->
